2017-03-04 23:02:51,843 INFO     xuqidong   获取URLS成功    

2017-03-04 23:02:52,706 INFO     xuqidong   Python 返回URL:http://tieba.baidu.com/f?kw=程序员&ie=utf-8&pn=0 数据成功

2017-03-04 23:02:53,125 INFO     xuqidong   获取标题为<<离开工地十年，让我来告诉你什么是人性>>的项成功...

2017-03-04 23:02:53,128 INFO     xuqidong   获取标题为<<程序制作工具【免费版】>>的项成功...

2017-03-04 23:02:53,132 INFO     xuqidong   获取标题为<<急在线等>>的项成功...

2017-03-04 23:02:53,135 INFO     xuqidong   获取标题为<<准备入坑程序员，大家推荐什么编程语言？>>的项成功...

2017-03-04 23:02:53,138 INFO     xuqidong   获取标题为<<下周有一个面试，很纠结请教吧里一些问题！！>>的项成功...

2017-03-04 23:02:53,140 INFO     xuqidong   获取标题为<<求毕设代做 价钱好商量>>的项成功...

2017-03-04 23:02:53,142 INFO     xuqidong   获取标题为<<翻译转行做程序，可行？>>的项成功...

2017-03-04 23:02:53,143 INFO     xuqidong   获取标题为<<求技术大牛开发软件>>的项成功...

2017-03-04 23:02:53,146 INFO     xuqidong   获取标题为<<【BDU】百度深蓝联盟开始招人啦，这是你的舞台赶紧报名把！>>的项成功...

2017-03-04 23:02:53,148 INFO     xuqidong   获取标题为<<来个长期聊天的，走心的，看到就会回的！>>的项成功...

2017-03-04 23:02:53,150 INFO     xuqidong   获取标题为<<【推荐】脸书、谷歌服务首选 飞牛VρN（加扣：2143567960）>>的项成功...

2017-03-04 23:02:53,152 INFO     xuqidong   获取标题为<<看完本帖一年内不能拥有百W身家，你还不承认你是智障吗？？？>>的项成功...

2017-03-04 23:02:53,154 INFO     xuqidong   获取标题为<<大四应届生请进>>的项成功...

2017-03-04 23:02:53,156 INFO     xuqidong   获取标题为<<每天一款游戏！>>的项成功...

2017-03-04 23:02:53,159 INFO     xuqidong   获取标题为<<有没有想学PS  AE 的 免费收徒带小白  想学的快来>>的项成功...

2017-03-04 23:02:53,162 INFO     xuqidong   获取标题为<<做个优秀的程序员来这里!>>的项成功...

2017-03-04 23:02:53,165 INFO     xuqidong   获取标题为<<想学游戏辅助制作，可以到魔鬼作坊学习哦！>>的项成功...

2017-03-04 23:02:53,170 INFO     xuqidong   获取标题为<<编程视频教程分享~>>的项成功...

2017-03-04 23:02:53,173 INFO     xuqidong   获取标题为<<大过年的，忽然感觉自己身体有点不行，怎么办啊>>的项成功...

2017-03-04 23:02:53,175 INFO     xuqidong   获取标题为<<求大神拿站，被骗好多次了，急27-69-132-85>>的项成功...

2017-03-04 23:02:53,177 INFO     xuqidong   获取标题为<<什么机械键盘好用？>>的项成功...

2017-03-04 23:02:53,180 INFO     xuqidong   获取标题为<<创业路上折腾了十多年，讲讲这些年来的经历和教训——望共勉>>的项成功...

2017-03-04 23:02:53,183 INFO     xuqidong   获取标题为<<【求助】西安大数据培训机构哪家好点呀？？>>的项成功...

2017-03-04 23:02:53,185 INFO     xuqidong   获取标题为<<本科和读研整理数千套计算机、编程、IT等经典教程【提供答疑】>>的项成功...

2017-03-04 23:02:53,188 INFO     xuqidong   获取标题为<<java/ python/ web前端怎么学？零基础到精通视频资料与你共享！>>的项成功...

2017-03-04 23:02:53,190 INFO     xuqidong   获取标题为<<学习安卓全套教程~一个好的视频就够了>>的项成功...

2017-03-04 23:02:53,192 INFO     xuqidong   获取标题为<<身为一只程序猿，我却在那方面不行，真是郁闷，幸好后来我。。>>的项成功...

2017-03-04 23:02:53,194 INFO     xuqidong   获取标题为<<一个六年开发的程序员给想做程序员的朋友分享多年收藏的学习资料>>的项成功...

2017-03-04 23:02:53,197 INFO     xuqidong   获取标题为<<目前做程序员最火的三个方向，JAVA，前端，python学习视频分享>>的项成功...

2017-03-04 23:02:53,200 INFO     xuqidong   获取标题为<<做程序员的几大好处，未来的趋势，分享最新的程序学习视频给新人>>的项成功...

2017-03-04 23:02:53,202 INFO     xuqidong   获取标题为<<有木有想过有一天我们程序员们会失业？>>的项成功...

2017-03-04 23:02:53,204 INFO     xuqidong   获取标题为<<女朋友今天拿到了中软国际的offer>>的项成功...

2017-03-04 23:02:53,206 INFO     xuqidong   获取标题为<<下班贴>>的项成功...

2017-03-04 23:02:53,208 INFO     xuqidong   获取标题为<<想学习程序，各位大神给个建议。>>的项成功...

2017-03-04 23:02:53,210 INFO     xuqidong   获取标题为<<在北京一年的java后端经验拿多少正常？>>的项成功...

2017-03-04 23:02:53,213 INFO     xuqidong   获取标题为<<【分享】我这里有java开发全套工具和一些学习资料分享。>>的项成功...

2017-03-04 23:02:53,215 INFO     xuqidong   获取标题为<<新手java学习交流群，欢迎新同学的加入群快满了要加的速度！！>>的项成功...

2017-03-04 23:02:53,217 INFO     xuqidong   获取标题为<<想改行做程序猿！>>的项成功...

2017-03-04 23:02:53,220 INFO     xuqidong   获取标题为<<Java真心找女票>>的项成功...

2017-03-04 23:02:53,222 INFO     xuqidong   获取标题为<<努力到无能为力，拼搏到感动自己，自己比较实用的java学习流程>>的项成功...

2017-03-04 23:02:53,224 INFO     xuqidong   获取标题为<<html前端设计好了怎样使用C#实现连接数据库>>的项成功...

2017-03-04 23:02:53,226 INFO     xuqidong   获取标题为<<零基础怎么学习Java？看完你就会明白。。。。。>>的项成功...

2017-03-04 23:02:53,227 INFO     xuqidong   获取标题为<<程序员首选>>的项成功...

2017-03-04 23:02:53,230 INFO     xuqidong   获取标题为<<38岁的老程序员，你们要问的快问，我准备退休了............>>的项成功...

2017-03-04 23:02:53,233 INFO     xuqidong   获取标题为<<重大消息，都进来看看>>的项成功...

2017-03-04 23:02:53,234 INFO     xuqidong   获取标题为<<骗子太可恶>>的项成功...

2017-03-04 23:02:53,236 INFO     xuqidong   获取标题为<<从月薪1.8K到18K，一切来之不易>>的项成功...

2017-03-04 23:02:53,238 INFO     xuqidong   获取标题为<<寻找程序猿一起兼职做个app，南京>>的项成功...

2017-03-04 23:02:53,238 INFO     xuqidong   标题为<<离开工地十年，让我来告诉你什么是人性>>的项输入到"百度贴吧_程序员.txt"成功...

2017-03-04 23:02:53,239 INFO     xuqidong   标题为<<程序制作工具【免费版】>>的项输入到"百度贴吧_程序员.txt"成功...

2017-03-04 23:02:53,239 INFO     xuqidong   标题为<<急在线等>>的项输入到"百度贴吧_程序员.txt"成功...

2017-03-04 23:02:53,239 INFO     xuqidong   标题为<<准备入坑程序员，大家推荐什么编程语言？>>的项输入到"百度贴吧_程序员.txt"成功...

2017-03-04 23:02:53,239 INFO     xuqidong   标题为<<下周有一个面试，很纠结请教吧里一些问题！！>>的项输入到"百度贴吧_程序员.txt"成功...

2017-03-04 23:02:53,239 INFO     xuqidong   标题为<<求毕设代做 价钱好商量>>的项输入到"百度贴吧_程序员.txt"成功...

2017-03-04 23:02:53,239 INFO     xuqidong   标题为<<翻译转行做程序，可行？>>的项输入到"百度贴吧_程序员.txt"成功...

2017-03-04 23:02:53,239 INFO     xuqidong   标题为<<求技术大牛开发软件>>的项输入到"百度贴吧_程序员.txt"成功...

2017-03-04 23:02:53,239 INFO     xuqidong   标题为<<【BDU】百度深蓝联盟开始招人啦，这是你的舞台赶紧报名把！>>的项输入到"百度贴吧_程序员.txt"成功...

2017-03-04 23:02:53,239 INFO     xuqidong   标题为<<来个长期聊天的，走心的，看到就会回的！>>的项输入到"百度贴吧_程序员.txt"成功...

2017-03-04 23:02:53,240 INFO     xuqidong   标题为<<【推荐】脸书、谷歌服务首选 飞牛VρN（加扣：2143567960）>>的项输入到"百度贴吧_程序员.txt"成功...

2017-03-04 23:02:53,240 INFO     xuqidong   标题为<<看完本帖一年内不能拥有百W身家，你还不承认你是智障吗？？？>>的项输入到"百度贴吧_程序员.txt"成功...

2017-03-04 23:02:53,240 INFO     xuqidong   标题为<<大四应届生请进>>的项输入到"百度贴吧_程序员.txt"成功...

2017-03-04 23:02:53,240 INFO     xuqidong   标题为<<每天一款游戏！>>的项输入到"百度贴吧_程序员.txt"成功...

2017-03-04 23:02:53,240 INFO     xuqidong   标题为<<有没有想学PS  AE 的 免费收徒带小白  想学的快来>>的项输入到"百度贴吧_程序员.txt"成功...

2017-03-04 23:02:53,240 INFO     xuqidong   标题为<<做个优秀的程序员来这里!>>的项输入到"百度贴吧_程序员.txt"成功...

2017-03-04 23:02:53,240 INFO     xuqidong   标题为<<想学游戏辅助制作，可以到魔鬼作坊学习哦！>>的项输入到"百度贴吧_程序员.txt"成功...

2017-03-04 23:02:53,240 INFO     xuqidong   标题为<<编程视频教程分享~>>的项输入到"百度贴吧_程序员.txt"成功...

2017-03-04 23:02:53,240 INFO     xuqidong   标题为<<大过年的，忽然感觉自己身体有点不行，怎么办啊>>的项输入到"百度贴吧_程序员.txt"成功...

2017-03-04 23:02:53,241 INFO     xuqidong   标题为<<求大神拿站，被骗好多次了，急27-69-132-85>>的项输入到"百度贴吧_程序员.txt"成功...

2017-03-04 23:02:53,241 INFO     xuqidong   标题为<<什么机械键盘好用？>>的项输入到"百度贴吧_程序员.txt"成功...

2017-03-04 23:02:53,241 INFO     xuqidong   标题为<<创业路上折腾了十多年，讲讲这些年来的经历和教训——望共勉>>的项输入到"百度贴吧_程序员.txt"成功...

2017-03-04 23:02:53,241 INFO     xuqidong   标题为<<【求助】西安大数据培训机构哪家好点呀？？>>的项输入到"百度贴吧_程序员.txt"成功...

2017-03-04 23:02:53,241 INFO     xuqidong   标题为<<本科和读研整理数千套计算机、编程、IT等经典教程【提供答疑】>>的项输入到"百度贴吧_程序员.txt"成功...

2017-03-04 23:02:53,241 INFO     xuqidong   标题为<<java/ python/ web前端怎么学？零基础到精通视频资料与你共享！>>的项输入到"百度贴吧_程序员.txt"成功...

2017-03-04 23:02:53,241 INFO     xuqidong   标题为<<学习安卓全套教程~一个好的视频就够了>>的项输入到"百度贴吧_程序员.txt"成功...

2017-03-04 23:02:53,241 INFO     xuqidong   标题为<<身为一只程序猿，我却在那方面不行，真是郁闷，幸好后来我。。>>的项输入到"百度贴吧_程序员.txt"成功...

2017-03-04 23:02:53,241 INFO     xuqidong   标题为<<一个六年开发的程序员给想做程序员的朋友分享多年收藏的学习资料>>的项输入到"百度贴吧_程序员.txt"成功...

2017-03-04 23:02:53,241 INFO     xuqidong   标题为<<目前做程序员最火的三个方向，JAVA，前端，python学习视频分享>>的项输入到"百度贴吧_程序员.txt"成功...

2017-03-04 23:02:53,242 INFO     xuqidong   标题为<<做程序员的几大好处，未来的趋势，分享最新的程序学习视频给新人>>的项输入到"百度贴吧_程序员.txt"成功...

2017-03-04 23:02:53,242 INFO     xuqidong   标题为<<有木有想过有一天我们程序员们会失业？>>的项输入到"百度贴吧_程序员.txt"成功...

2017-03-04 23:02:53,242 INFO     xuqidong   标题为<<女朋友今天拿到了中软国际的offer>>的项输入到"百度贴吧_程序员.txt"成功...

2017-03-04 23:02:53,242 INFO     xuqidong   标题为<<下班贴>>的项输入到"百度贴吧_程序员.txt"成功...

2017-03-04 23:02:53,242 INFO     xuqidong   标题为<<想学习程序，各位大神给个建议。>>的项输入到"百度贴吧_程序员.txt"成功...

2017-03-04 23:02:53,242 INFO     xuqidong   标题为<<在北京一年的java后端经验拿多少正常？>>的项输入到"百度贴吧_程序员.txt"成功...

2017-03-04 23:02:53,242 INFO     xuqidong   标题为<<【分享】我这里有java开发全套工具和一些学习资料分享。>>的项输入到"百度贴吧_程序员.txt"成功...

2017-03-04 23:02:53,242 INFO     xuqidong   标题为<<新手java学习交流群，欢迎新同学的加入群快满了要加的速度！！>>的项输入到"百度贴吧_程序员.txt"成功...

2017-03-04 23:02:53,242 INFO     xuqidong   标题为<<想改行做程序猿！>>的项输入到"百度贴吧_程序员.txt"成功...

2017-03-04 23:02:53,242 INFO     xuqidong   标题为<<Java真心找女票>>的项输入到"百度贴吧_程序员.txt"成功...

2017-03-04 23:02:53,243 INFO     xuqidong   标题为<<努力到无能为力，拼搏到感动自己，自己比较实用的java学习流程>>的项输入到"百度贴吧_程序员.txt"成功...

2017-03-04 23:02:53,243 INFO     xuqidong   标题为<<html前端设计好了怎样使用C#实现连接数据库>>的项输入到"百度贴吧_程序员.txt"成功...

2017-03-04 23:02:53,243 INFO     xuqidong   标题为<<零基础怎么学习Java？看完你就会明白。。。。。>>的项输入到"百度贴吧_程序员.txt"成功...

2017-03-04 23:02:53,243 INFO     xuqidong   标题为<<程序员首选>>的项输入到"百度贴吧_程序员.txt"成功...

2017-03-04 23:02:53,243 INFO     xuqidong   标题为<<38岁的老程序员，你们要问的快问，我准备退休了............>>的项输入到"百度贴吧_程序员.txt"成功...

2017-03-04 23:02:53,243 INFO     xuqidong   标题为<<重大消息，都进来看看>>的项输入到"百度贴吧_程序员.txt"成功...

2017-03-04 23:02:53,243 INFO     xuqidong   标题为<<骗子太可恶>>的项输入到"百度贴吧_程序员.txt"成功...

2017-03-04 23:02:53,243 INFO     xuqidong   标题为<<从月薪1.8K到18K，一切来之不易>>的项输入到"百度贴吧_程序员.txt"成功...

2017-03-04 23:02:53,243 INFO     xuqidong   标题为<<寻找程序猿一起兼职做个app，南京>>的项输入到"百度贴吧_程序员.txt"成功...

